<?xml version="1.0" encoding="UTF-8"?>
<!-- Generated by org.testng.reporters.JUnitReportReporter -->
<testsuite hostname="DESKTOP-3N8J1NJ" failures="0" tests="1" name="shopping.Seller" time="0.009" errors="0" timestamp="2025-04-25T11:23:02 IST" skipped="0">
  <testcase classname="shopping.Seller" name="changePass" time="0.009"/>
</testsuite> <!-- shopping.Seller -->
