<?xml version="1.0" encoding="UTF-8"?>
<!-- Generated by org.testng.reporters.JUnitReportReporter -->
<testsuite hostname="DESKTOP-3N8J1NJ" failures="0" tests="1" name="shopping.Seller" time="0.001" errors="0" timestamp="2025-04-23T12:17:36 IST" skipped="0">
  <testcase classname="shopping.Seller" name="login" time="0.001"/>
</testsuite> <!-- shopping.Seller -->
