<?xml version="1.0" encoding="UTF-8"?>
<!-- Generated by org.testng.reporters.JUnitReportReporter -->
<testsuite hostname="DESKTOP-3N8J1NJ" failures="0" tests="4" name="parameters.Login2" time="0.349" errors="0" timestamp="2025-04-25T11:41:17 IST" skipped="0">
  <testcase classname="parameters.Login2" name="login" time="0.085"/>
  <testcase classname="parameters.Login2" name="login" time="0.102"/>
  <testcase classname="parameters.Login2" name="login" time="0.082"/>
  <testcase classname="parameters.Login2" name="login" time="0.080"/>
</testsuite> <!-- parameters.Login2 -->
