<?xml version="1.0" encoding="UTF-8"?>
<!-- Generated by org.testng.reporters.JUnitReportReporter -->
<testsuite hostname="DESKTOP-3N8J1NJ" failures="0" tests="3" name="test.P01_First" time="0.009" errors="0" timestamp="2025-04-23T11:40:10 IST" skipped="1">
  <testcase classname="test.P01_First" name="test3" time="0.001"/>
  <testcase classname="test.P01_First" name="test1" time="0.008"/>
  <testcase classname="test.P01_First" name="test2">
    <skipped/>
  </testcase> <!-- test2 -->
</testsuite> <!-- test.P01_First -->
