<?xml version="1.0" encoding="UTF-8"?>
<!-- Generated by org.testng.reporters.JUnitReportReporter -->
<testsuite hostname="DESKTOP-3N8J1NJ" failures="0" tests="1" name="shopping.Payment" time="0.001" errors="0" timestamp="2025-04-23T12:14:23 IST" skipped="0">
  <testcase classname="shopping.Payment" name="creditCard" time="0.001"/>
</testsuite> <!-- shopping.Payment -->
