<?xml version="1.0" encoding="UTF-8"?>
<!-- Generated by org.testng.reporters.JUnitReportReporter -->
<testsuite hostname="DESKTOP-3N8J1NJ" failures="0" tests="4" name="shopping.Payment" time="0.004" errors="0" timestamp="2025-04-25T11:21:54 IST" skipped="0">
  <testcase classname="shopping.Payment" name="creditCard" time="0.001"/>
  <testcase classname="shopping.Payment" name="debitCard" time="0.001"/>
  <testcase classname="shopping.Payment" name="COD" time="0.001"/>
  <testcase classname="shopping.Payment" name="UPI" time="0.001"/>
</testsuite> <!-- shopping.Payment -->
