<?xml version="1.0" encoding="UTF-8"?>
<!-- Generated by org.testng.reporters.JUnitReportReporter -->
<testsuite hostname="DESKTOP-3N8J1NJ" failures="0" tests="2" name="annotations.AllAnno" time="0.004" errors="0" timestamp="2025-04-25T11:34:41 IST" skipped="0">
  <testcase classname="annotations.AllAnno" name="test" time="0.004"/>
  <testcase classname="annotations.AllAnno" name="test2" time="0.000"/>
</testsuite> <!-- annotations.AllAnno -->
