<?xml version="1.0" encoding="UTF-8"?>
<!-- Generated by org.testng.reporters.JUnitReportReporter -->
<testsuite hostname="DESKTOP-3N8J1NJ" failures="0" tests="3" name="shopping.SellerProduct" time="0.011" errors="0" timestamp="2025-04-25T11:21:54 IST" skipped="0">
  <testcase classname="shopping.SellerProduct" name="manage" time="0.009"/>
  <testcase classname="shopping.SellerProduct" name="upload" time="0.001"/>
  <testcase classname="shopping.SellerProduct" name="remove" time="0.001"/>
</testsuite> <!-- shopping.SellerProduct -->
