<?xml version="1.0" encoding="UTF-8"?>
<!-- Generated by org.testng.reporters.JUnitReportReporter -->
<testsuite hostname="DESKTOP-3N8J1NJ" failures="0" tests="1" name="parameters.LoginTest" time="2.215" errors="0" timestamp="2025-04-25T11:30:02 IST" skipped="0">
  <testcase classname="parameters.LoginTest" name="loginTest" time="2.215"/>
</testsuite> <!-- parameters.LoginTest -->
