<?xml version="1.0" encoding="UTF-8"?>
<!-- Generated by org.testng.reporters.JUnitReportReporter -->
<testsuite hostname="DESKTOP-3N8J1NJ" failures="0" tests="1" name="shopping.Customer" time="0.011" errors="0" timestamp="2025-04-23T12:14:23 IST" skipped="0">
  <testcase classname="shopping.Customer" name="login" time="0.011"/>
</testsuite> <!-- shopping.Customer -->
