<?xml version="1.0" encoding="UTF-8"?>
<!-- Generated by org.testng.reporters.JUnitReportReporter -->
<testsuite hostname="DESKTOP-3N8J1NJ" failures="0" tests="1" name="shopping.SellerProduct" time="0.009" errors="0" timestamp="2025-04-23T12:17:36 IST" skipped="0">
  <testcase classname="shopping.SellerProduct" name="manage" time="0.009"/>
</testsuite> <!-- shopping.SellerProduct -->
