<?xml version="1.0" encoding="UTF-8"?>
<!-- Generated by org.testng.reporters.JUnitReportReporter -->
<testsuite hostname="DESKTOP-3N8J1NJ" failures="0" tests="5" name="shopping.Customer" time="0.006" errors="0" timestamp="2025-04-25T11:21:54 IST" skipped="0">
  <testcase classname="shopping.Customer" name="changePass" time="0.001"/>
  <testcase classname="shopping.Customer" name="CA" time="0.001"/>
  <testcase classname="shopping.Customer" name="logout" time="0.002"/>
  <testcase classname="shopping.Customer" name="profile" time="0.001"/>
  <testcase classname="shopping.Customer" name="login" time="0.001"/>
</testsuite> <!-- shopping.Customer -->
