<?xml version="1.0" encoding="UTF-8"?>
<!-- Generated by org.testng.reporters.JUnitReportReporter -->
<testsuite hostname="DESKTOP-3N8J1NJ" failures="0" tests="3" name="crossbrowser.CrossBrow" time="8.789" errors="0" timestamp="2025-04-25T12:09:41 IST" skipped="0">
  <testcase classname="crossbrowser.CrossBrow" name="browserTest" time="1.871"/>
  <testcase classname="crossbrowser.CrossBrow" name="browserTest" time="3.449"/>
  <testcase classname="crossbrowser.CrossBrow" name="browserTest" time="3.469"/>
</testsuite> <!-- crossbrowser.CrossBrow -->
