<?xml version="1.0" encoding="UTF-8"?>
<!-- Generated by org.testng.reporters.JUnitReportReporter -->
<testsuite hostname="DESKTOP-3N8J1NJ" failures="0" tests="1" name="test.P02_Pririty" time="0.009" errors="0" timestamp="2025-04-23T11:49:07 IST" skipped="0">
  <testcase classname="test.P02_Pririty" name="CA" time="0.009"/>
</testsuite> <!-- test.P02_Pririty -->
